<?xml version="1.0" encoding="utf-8"?><testsuites name="pytest tests"><testsuite name="pytest" errors="0" failures="0" skipped="0" tests="188" time="153.716" timestamp="2026-09-11T16:34:33.868717+03:00" hostname="MacBook-Air-cight.local"><testcase classname="tests.parallel_integration.test_api_runtime" name="test_questionnaire_read_skip_and_conflict" time="0.048" /><testcase classname="tests.parallel_integration.test_api_runtime" name="test_start_all_is_owned_and_deduplicated" time="0.039" /><testcase classname="tests.parallel_integration.test_api_runtime" name="test_captcha_language_has_public_data_uri" time="0.017" /><testcase classname="tests.parallel_integration.test_api_runtime" name="test_import_needs_input_and_removes_temporary_pdf" time="0.030" /><testcase classname="tests.parallel_integration.test_api_runtime" name="test_audit_match_url_uses_frozen_source" time="0.046" /><testcase classname="tests.parallel_integration.test_bot_links" name="test_deep_links_keep_query_before_hash_and_address_objects" time="0.009" /><testcase classname="tests.parallel_integration.test_bot_links" name="test_questionnaire_keyboard_only_opens_review_screen" time="0.009" /><testcase classname="tests.parallel_services.test_facade" name="test_build_services_contract_and_repeated_login" time="0.009" /><testcase classname="tests.parallel_services.test_facade" name="test_concurrent_duplicate_login_reuses_account" time="0.010" /><testcase classname="tests.parallel_services.test_facade" name="test_automation_validates_and_deduplicates" time="0.010" /><testcase classname="tests.parallel_services.test_facade" name="test_start_and_stop_all_report_each_owned_account" time="0.009" /><testcase classname="tests.parallel_services.test_facade" name="test_import_preserves_needs_fields" time="0.010" /><testcase classname="tests.parallel_services.test_facade" name="test_questionnaire_validation_edit_confirm_and_skip" time="0.009" /><testcase classname="tests.parallel_services.test_facade" name="test_repeated_questionnaire_confirmation_reuses_live_task" time="0.012" /><testcase classname="tests.parallel_services.test_facade" name="test_audit_uses_immutable_source_and_never_saves_ai_failure" time="0.010" /><testcase classname="tests.parallel_services.test_facade" name="test_explicit_snapshot_selects_its_account_without_using_active_account" time="0.010" /><testcase classname="tests.parallel_services.test_facade" name="test_match_requires_one_source_and_original_audit_document" time="0.010" /><testcase classname="tests.parallel_services.test_facade" name="test_url_match_requires_available_session_and_suggests_text" time="0.009" /><testcase classname="tests.parallel_storage.test_state_exports" name="test_skip_pending_questionnaire_results" time="0.025" /><testcase classname="tests.parallel_storage.test_state_exports" name="test_skip_accepts_other_reviewable_states[FAILED]" time="0.023" /><testcase classname="tests.parallel_storage.test_state_exports" name="test_skip_accepts_other_reviewable_states[NEEDS_REVIEW]" time="0.023" /><testcase classname="tests.parallel_storage.test_state_exports" name="test_skip_conflicts_with_submission_states[SUBMITTING]" time="0.022" /><testcase classname="tests.parallel_storage.test_state_exports" name="test_skip_conflicts_with_submission_states[SUBMITTED]" time="0.023" /><testcase classname="tests.parallel_storage.test_state_exports" name="test_skip_conflicts_with_submission_states[APPROVED]" time="0.023" /><testcase classname="tests.parallel_storage.test_state_exports" name="test_skip_and_claim_are_serialized" time="0.024" /><testcase classname="tests.parallel_storage.test_state_exports" name="test_operation_needs_input_is_owned_conditional_and_recoverable" time="0.030" /><testcase classname="tests.parallel_storage.test_state_exports" name="test_compatibility_exports_keep_signatures_and_db_path" time="0.025" /><testcase classname="tests.parallel_storage.test_state_exports" name="test_backup_restores_wal_database" time="0.010" /><testcase classname="tests.parallel_ui.test_leadscout_frontend" name="test_four_pages_mobile_account_isolation_and_captcha_controls" time="2.786" /><testcase classname="tests.parallel_ui.test_leadscout_frontend" name="test_questionnaire_save_confirm_skip_and_conflict_refresh" time="1.788" /><testcase classname="tests.parallel_ui.test_leadscout_frontend" name="test_partial_start_all_has_per_account_results" time="1.764" /><testcase classname="tests.parallel_ui.test_leadscout_frontend" name="test_import_needs_input_has_no_auto_retry_then_succeeds_and_reports_error" time="2.301" /><testcase classname="tests.parallel_ui.test_leadscout_frontend" name="test_independent_audit_details_and_text_or_url_match_payload" time="2.323" /><testcase classname="tests.parallel_ui.test_leadscout_frontend" name="test_direct_links_validate_before_account_switch" time="5.743" /><testcase classname="tests.parallel_ui.test_leadscout_frontend" name="test_mono_start_stop_and_account_reset" time="2.307" /><testcase classname="tests.test_ai_and_validation" name="test_runtime_config_and_fernet_roundtrip" time="0.022" /><testcase classname="tests.test_ai_and_validation" name="test_hh_url_proxy_callback_and_message_validation" time="0.014" /><testcase classname="tests.test_ai_and_validation" name="test_questionnaire_threshold_and_intentional_dot" time="0.012" /><testcase classname="tests.test_ai_and_validation" name="test_ai_models_reject_out_of_range_values_and_cache_is_bounded" time="0.011" /><testcase classname="tests.test_ai_and_validation" name="test_ai_cache_expires_and_returns_defensive_copies" time="0.009" /><testcase classname="tests.test_audit_regressions" name="test_operation_does_not_report_business_failure_as_success[result0-FAILED]" time="0.015" /><testcase classname="tests.test_audit_regressions" name="test_operation_does_not_report_business_failure_as_success[result1-NEEDS_INPUT]" time="0.014" /><testcase classname="tests.test_audit_regressions" name="test_operation_deduplicates_concurrent_syncs" time="0.015" /><testcase classname="tests.test_audit_regressions" name="test_restart_recovers_pending_and_running_operations" time="0.017" /><testcase classname="tests.test_audit_regressions" name="test_active_resume_updates_while_questionnaire_keeps_original" time="0.028" /><testcase classname="tests.test_audit_regressions" name="test_midnight_scheduler_does_not_erase_new_day_applications" time="0.015" /><testcase classname="tests.test_audit_regressions" name="test_stats_use_moscow_calendar_day" time="0.014" /><testcase classname="tests.test_audit_regressions" name="test_stop_account_cancels_questionnaires_including_queued[False]" time="0.022" /><testcase classname="tests.test_audit_regressions" name="test_stop_account_cancels_questionnaires_including_queued[True]" time="0.022" /><testcase classname="tests.test_audit_regressions" name="test_api_scopes_accounts_and_requires_a_usable_resume" time="0.037" /><testcase classname="tests.test_audit_regressions" name="test_invalid_login_and_nonascii_hash_do_not_crash_api" time="0.018" /><testcase classname="tests.test_audit_regressions" name="test_questionnaire_edits_are_validated_and_locked_after_claim" time="0.038" /><testcase classname="tests.test_audit_regressions" name="test_global_browser_limit_covers_different_engines" time="0.009" /><testcase classname="tests.test_audit_regressions" name="test_account_lock_is_reentrant_and_cancel_safe" time="0.009" /><testcase classname="tests.test_audit_regressions" name="test_invalid_vacancy_url_returns_none[https://hh.ru:bad/vacancy/1]" time="0.009" /><testcase classname="tests.test_audit_regressions" name="test_invalid_vacancy_url_returns_none[https://hh.ru:65536/vacancy/1]" time="0.008" /><testcase classname="tests.test_audit_regressions" name="test_invalid_vacancy_url_returns_none[https://[broken/vacancy/1]" time="0.009" /><testcase classname="tests.test_audit_regressions" name="test_pdf_temporary_file_does_not_leak_descriptor" time="0.009" /><testcase classname="tests.test_audit_regressions" name="test_ipv6_proxy_keeps_address_brackets" time="0.009" /><testcase classname="tests.test_audit_regressions" name="test_telegram_bot_enforces_configured_owner" time="0.009" /><testcase classname="tests.test_audit_regressions" name="test_restarting_pending_login_keeps_account" time="0.017" /><testcase classname="tests.test_audit_regressions" name="test_shutdown_recovers_operation_cancelled_before_first_tick" time="0.015" /><testcase classname="tests.test_audit_regressions" name="test_backup_restores_committed_wal_and_retains_fourteen_files" time="0.012" /><testcase classname="tests.test_audit_regressions" name="test_telegram_signature_owner_and_age[99-0-403]" time="0.013" /><testcase classname="tests.test_audit_regressions" name="test_telegram_signature_owner_and_age[42-301-401]" time="0.014" /><testcase classname="tests.test_audit_regressions" name="test_telegram_signature_owner_and_age[42--301-401]" time="0.013" /><testcase classname="tests.test_audit_regressions" name="test_telegram_signature_owner_and_age[42-0-200]" time="0.014" /><testcase classname="tests.test_audit_regressions" name="test_csrf_blocks_mutations[http://attacker.test-test-csrf]" time="0.019" /><testcase classname="tests.test_audit_regressions" name="test_csrf_blocks_mutations[http://test-wrong]" time="0.019" /><testcase classname="tests.test_audit_regressions" name="test_csrf_blocks_mutations[-]" time="0.019" /><testcase classname="tests.test_audit_regressions" name="test_ai_failure_is_not_saved_as_a_zero_score_audit" time="0.033" /><testcase classname="tests.test_audit_regressions" name="test_pdf_audit_api_produces_a_downloadable_report" time="0.053" /><testcase classname="tests.test_audit_regressions" name="test_old_pending_questionnaire_is_not_hidden_by_completed_items" time="0.018" /><testcase classname="tests.test_audit_regressions" name="test_newly_enabled_account_shows_actual_scheduler_time" time="0.009" /><testcase classname="tests.test_context_isolation" name="test_two_contexts_isolate_storage_services_integrations_and_resources" time="0.042" /><testcase classname="tests.test_context_isolation" name="test_package_has_no_legacy_imports_or_module_registry_lookup" time="0.084" /><testcase classname="tests.test_context_isolation" name="test_notification_links_use_injected_context_settings" time="0.009" /><testcase classname="tests.test_context_isolation" name="test_context_rejects_coordinator_from_a_different_database" time="0.009" /><testcase classname="tests.test_database" name="test_explicit_database_can_be_reinitialized" time="0.014" /><testcase classname="tests.test_database" name="test_account_ownership_limit_and_duplicate" time="0.021" /><testcase classname="tests.test_database" name="test_application_record_is_atomic_and_daily_counter_rolls_over" time="0.042" /><testcase classname="tests.test_database" name="test_resume_snapshots_and_questionnaire_state_are_scoped" time="0.033" /><testcase classname="tests.test_database" name="test_schema_version_and_foreign_keys" time="0.010" /><testcase classname="tests.test_database" name="test_account_delete_cascades_owned_records" time="0.025" /><testcase classname="tests.test_database" name="test_legacy_users_table_is_migrated" time="0.016" /><testcase classname="tests.test_handlers" name="test_entry_without_active_account[/start-None]" time="0.014" /><testcase classname="tests.test_handlers" name="test_entry_without_active_account[/help-None]" time="0.012" /><testcase classname="tests.test_handlers" name="test_entry_without_active_account[\u26d4 \u041e\u0441\u0442\u0430\u043d\u043e\u0432\u0438\u0442\u044c-None]" time="0.012" /><testcase classname="tests.test_handlers" name="test_entry_without_active_account[\U0001f464 \u0410\u043a\u043a\u0430\u0443\u043d\u0442\u044b &amp; \u0420\u0435\u0437\u044e\u043c\u0435-accounts]" time="0.011" /><testcase classname="tests.test_handlers" name="test_entry_without_active_account[\u2699\ufe0f \u041d\u0430\u0441\u0442\u0440\u043e\u0439\u043a\u0438-settings]" time="0.012" /><testcase classname="tests.test_handlers" name="test_entry_without_active_account[/accounts-accounts]" time="0.011" /><testcase classname="tests.test_handlers" name="test_entry_without_active_account[/check_resume-audit]" time="0.011" /><testcase classname="tests.test_handlers" name="test_remaining_legacy_buttons_are_safe_redirects[toggle_account_auto_apply-accounts]" time="0.018" /><testcase classname="tests.test_handlers" name="test_remaining_legacy_buttons_are_safe_redirects[return_main_menu-None]" time="0.018" /><testcase classname="tests.test_handlers" name="test_remaining_legacy_buttons_are_safe_redirects[captcha_reload-accounts]" time="0.018" /><testcase classname="tests.test_handlers" name="test_remaining_legacy_buttons_are_safe_redirects[captcha_lang-accounts]" time="0.019" /><testcase classname="tests.test_handlers" name="test_remaining_legacy_buttons_are_safe_redirects[captcha_cancel-accounts]" time="0.018" /><testcase classname="tests.test_handlers" name="test_remaining_legacy_buttons_are_safe_redirects[show_audit_insights_1-audit]" time="0.020" /><testcase classname="tests.test_handlers" name="test_remaining_legacy_buttons_are_safe_redirects[match_with_vacancy_1-audit]" time="0.018" /><testcase classname="tests.test_humanization" name="test_click_waits_for_a_moving_target_without_clicking_the_decoy" time="0.708" /><testcase classname="tests.test_humanization" name="test_click_reports_an_overlay_instead_of_clicking_through_it" time="0.695" /><testcase classname="tests.test_humanization" name="test_text_is_typed_sequentially_and_preserves_unicode" time="0.654" /><testcase classname="tests.test_humanization" name="test_long_text_mask_and_focus_loss_are_verified" time="36.817" /><testcase classname="tests.test_humanization" name="test_otp_replaces_old_values_and_does_not_depend_on_autofocus" time="1.002" /><testcase classname="tests.test_humanization" name="test_scroll_reports_real_document_and_container_displacement" time="0.664" /><testcase classname="tests.test_humanization" name="test_cancelled_interaction_releases_its_page_lock" time="0.665" /><testcase classname="tests.test_humanization_forms" name="test_cover_letter_waits_for_its_own_delayed_field" time="2.187" /><testcase classname="tests.test_humanization_forms" name="test_resume_selection_never_falls_back_to_the_first_resume" time="1.585" /><testcase classname="tests.test_humanization_forms" name="test_resume_wizard_waits_for_delayed_profession_field" time="12.197" /><testcase classname="tests.test_humanization_login" name="test_otp_auto_submit_persists_only_after_a_positive_auth_marker" time="12.293" /><testcase classname="tests.test_keyboards" name="test_entry_has_only_app_stop_and_help" time="0.011" /><testcase classname="tests.test_keyboards" name="test_questionnaire_links_preserve_real_ids_and_query" time="0.010" /><testcase classname="tests.test_keyboards" name="test_stop_buttons_use_real_ids" time="0.009" /><testcase classname="tests.test_lifecycle" name="test_bot_runner_closes_every_resource_once" time="0.012" /><testcase classname="tests.test_lifecycle" name="test_api_failure_cancels_polling_and_recovers_work" time="0.019" /><testcase classname="tests.test_lifecycle" name="test_partial_start_closes_created_bot" time="0.009" /><testcase classname="tests.test_lifecycle" name="test_cleanup_failure_does_not_skip_later_resources" time="0.017" /><testcase classname="tests.test_lifecycle" name="test_migration_failure_still_closes_resources" time="0.009" /><testcase classname="tests.test_lifecycle" name="test_scheduler_uses_moscow_single_instance_jobs" time="0.013" /><testcase classname="tests.test_lifecycle" name="test_engine_close_stops_playwright_even_if_browser_close_fails" time="0.010" /><testcase classname="tests.test_lifecycle" name="test_pool_closes_all_engines_and_reports_failures" time="0.009" /><testcase classname="tests.test_lifecycle" name="test_entrypoints_use_default_context" time="0.010" /><testcase classname="tests.test_lifecycle" name="test_shutdown_waits_for_inflight_operation_registration" time="0.014" /><testcase classname="tests.test_lifecycle" name="test_api_gets_graceful_exit_before_cancellation" time="0.009" /><testcase classname="tests.test_lifecycle" name="test_shutdown_during_capability_check_never_starts_polling" time="0.045" /><testcase classname="tests.test_migrations_v6" name="test_v5_backfill_repairs_nonempty_keys_and_is_idempotent[8 (999) 123-45-67]" time="0.033" /><testcase classname="tests.test_migrations_v6" name="test_v5_backfill_repairs_nonempty_keys_and_is_idempotent[+7 999 123 45 67]" time="0.031" /><testcase classname="tests.test_migrations_v6" name="test_v5_backfill_repairs_nonempty_keys_and_is_idempotent[9991234567]" time="0.030" /><testcase classname="tests.test_migrations_v6" name="test_v5_backfill_repairs_nonempty_keys_and_is_idempotent[ Owner@Example.COM ]" time="0.029" /><testcase classname="tests.test_migrations_v6" name="test_collision_preserves_entire_v5_database" time="0.020" /><testcase classname="tests.test_migrations_v6" name="test_same_phone_for_different_users_is_not_a_collision" time="0.023" /><testcase classname="tests.test_migrations_v6" name="test_failure_after_schema_change_rolls_back_keys_index_and_version" time="0.019" /><testcase classname="tests.test_mini_app_browser" name="test_settings_save_persists_and_account_switch_is_isolated" time="0.659" /><testcase classname="tests.test_mini_app_browser" name="test_confirmation_saves_latest_letter_and_answers_before_send" time="0.736" /><testcase classname="tests.test_mini_app_browser" name="test_invalid_captcha_keeps_captcha_flow" time="0.774" /><testcase classname="tests.test_mini_app_browser" name="test_failed_sync_displays_real_error_and_navigation_works" time="0.806" /><testcase classname="tests.test_mono_design" name="test_active_review_count_is_exact_and_owner_scoped" time="0.056" /><testcase classname="tests.test_mono_design" name="test_mono_layout_theme_navigation_and_screenshots" time="2.399" /><testcase classname="tests.test_mono_design" name="test_mono_progress_edge_cases_and_long_names" time="1.713" /><testcase classname="tests.test_mono_design" name="test_dashboard_uses_context_schedule" time="0.031" /><testcase classname="tests.test_multiple_owners" name="test_owner_config_precedence[42, 43 42-99-expected0]" time="0.009" /><testcase classname="tests.test_multiple_owners" name="test_owner_config_precedence[-42-expected1]" time="0.009" /><testcase classname="tests.test_multiple_owners" name="test_owner_config_precedence[--expected2]" time="0.009" /><testcase classname="tests.test_multiple_owners" name="test_invalid_owner_list_fails_closed[0,42]" time="0.009" /><testcase classname="tests.test_multiple_owners" name="test_invalid_owner_list_fails_closed[-1]" time="0.009" /><testcase classname="tests.test_multiple_owners" name="test_invalid_owner_list_fails_closed[42,no]" time="0.009" /><testcase classname="tests.test_multiple_owners" name="test_invalid_owner_list_fails_closed[42,]" time="0.009" /><testcase classname="tests.test_multiple_owners" name="test_bot_owner_filter_and_empty_allowlist" time="0.009" /><testcase classname="tests.test_multiple_owners" name="test_two_owners_login_isolation_and_revocation" time="0.045" /><testcase classname="tests.test_pdf" name="test_pdf_extraction_and_limits" time="0.011" /><testcase classname="tests.test_pdf" name="test_invalid_pdf_is_rejected" time="0.009" /><testcase classname="tests.test_pdf" name="test_empty_and_too_many_pages_are_rejected" time="0.011" /><testcase classname="tests.test_pdf" name="test_resume_wizard_never_fabricates_required_fields" time="0.009" /><testcase classname="tests.test_pdf" name="test_audit_pdf_escapes_model_content" time="0.023" /><testcase classname="tests.test_questionnaire_e2e" name="test_direct_link_long_running_submission[success-real_coordinator]" time="10.389" /><testcase classname="tests.test_questionnaire_e2e" name="test_direct_link_long_running_submission[failure-real_coordinator]" time="10.322" /><testcase classname="tests.test_questionnaire_e2e" name="test_direct_link_long_running_submission[stop-real_coordinator]" time="10.409" /><testcase classname="tests.test_questionnaire_e2e" name="test_direct_link_long_running_submission[lost_response-real_coordinator]" time="10.392" /><testcase classname="tests.test_questionnaire_e2e" name="test_conflict_refreshes_draft_without_automatic_resubmission[real_coordinator]" time="0.714" /><testcase classname="tests.test_questionnaire_e2e" name="test_reopen_incomplete_draft_and_recover_interruption[real_coordinator]" time="0.880" /><testcase classname="tests.test_questionnaire_revisions" name="test_draft_clear_omit_and_confirmation_validation" time="0.038" /><testcase classname="tests.test_questionnaire_revisions" name="test_stale_confirmation_does_not_claim" time="0.035" /><testcase classname="tests.test_questionnaire_revisions" name="test_edit_between_validation_and_claim_cannot_submit" time="0.034" /><testcase classname="tests.test_refactor_regressions" name="test_migrated_phone_login_uses_same_normalization" time="0.019" /><testcase classname="tests.test_refactor_regressions" name="test_match_provider_failure_is_a_failed_operation" time="0.033" /><testcase classname="tests.test_refactor_regressions" name="test_save_incomplete_questionnaire_preserves_draft" time="0.662" /><testcase classname="tests.test_refactor_regressions" name="test_direct_questionnaire_refreshes_after_submission" time="0.658" /><testcase classname="tests.test_refactor_regressions" name="test_api_real_coordinator_job_and_sqlite[success]" time="0.041" /><testcase classname="tests.test_refactor_regressions" name="test_api_real_coordinator_job_and_sqlite[stop]" time="0.042" /><testcase classname="tests.test_refactor_regressions" name="test_compact_bot_dispatch_enforces_owner_and_stops[42]" time="0.012" /><testcase classname="tests.test_refactor_regressions" name="test_compact_bot_dispatch_enforces_owner_and_stops[99]" time="0.011" /><testcase classname="tests.test_refactor_regressions" name="test_legacy_confirm_callback_only_opens_owned_questionnaire" time="0.012" /><testcase classname="tests.test_refactor_regressions" name="test_real_zero_match_is_success_and_provider_failure_allows_manual_retry" time="0.040" /><testcase classname="tests.test_second_review" name="test_save_response_identifies_own_committed_draft" time="0.037" /><testcase classname="tests.test_second_review" name="test_login_cleanup_closes_engine_despite_context_error" time="0.009" /><testcase classname="tests.test_second_review" name="test_shutdown_waits_for_inflight_initialization" time="0.045" /><testcase classname="tests.test_second_review" name="test_login_manager_attempts_all_sessions_and_reports_cleanup_failures" time="0.011" /><testcase classname="tests.test_tasks_and_browser" name="test_task_coordinator_suppresses_duplicate_account_tasks" time="0.010" /><testcase classname="tests.test_tasks_and_browser" name="test_real_browser_context_close_releases_global_slot" time="0.335" /><testcase classname="tests.test_tasks_and_browser" name="test_resume_sync_only_clears_confirmed_empty_lists[&lt;main&gt;\u041f\u0440\u043e\u0439\u0434\u0438\u0442\u0435 \u043f\u0440\u043e\u0432\u0435\u0440\u043a\u0443 CAPTCHA&lt;/main&gt;-ERROR]" time="0.417" /><testcase classname="tests.test_tasks_and_browser" name="test_resume_sync_only_clears_confirmed_empty_lists[&lt;main&gt;\u0423 \u0432\u0430\u0441 \u043f\u043e\u043a\u0430 \u043d\u0435\u0442 \u0440\u0435\u0437\u044e\u043c\u0435&lt;/main&gt;-SUCCESS]" time="0.422" /><testcase classname="tests.test_tasks_and_browser" name="test_task_coordinator_cancels_and_scopes_stop" time="0.010" /><testcase classname="tests.test_tasks_and_browser" name="test_patchright_fixture_questionnaire_and_success_detection" time="2.987" /><testcase classname="tests.test_tasks_and_browser" name="test_irrelevant_vacancy_is_never_clicked" time="0.444" /><testcase classname="tests.test_tasks_and_browser" name="test_direct_response_does_not_report_an_unsubmitted_cover_letter" time="1.972" /><testcase classname="tests.test_tasks_and_browser" name="test_modal_questionnaire_pipeline_fills_and_confirms" time="4.126" /><testcase classname="tests.test_web_api" name="test_mini_app_authentication_csrf_and_private_account_fields" time="0.033" /><testcase classname="tests.test_web_api" name="test_questionnaire_keeps_its_original_resume_and_interrupted_state" time="0.025" /></testsuite></testsuites>